# JRE version: OpenJDK Runtime Environment Temurin-17.0.2+8 (17.0.2+8) (build 17.0.2+8)
# Java VM: OpenJDK 64-Bit Server VM Temurin-17.0.2+8 (17.0.2+8, mixed mode, tiered, compressed oops, compressed class ptrs, parallel gc, linux-amd64)
GC Precious Log:
 CPUs: 4 total, 4 available
 Memory: 7760M
 Large Page Support: Disabled
 NUMA Support: Disabled
 Compressed Oops: Enabled (32-bit)
 Alignments: Space 512K, Generation 512K, Heap 2M
 Heap Min Capacity: 100M
 Heap Initial Capacity: 100M
 Heap Max Capacity: 1G
 Pre-touch: Disabled
 Parallel Workers: 4
Heap:
 PSYoungGen      total 79360K, used 7803K [0x00000000eab00000, 0x00000000f1600000, 0x0000000100000000)
  eden space 66048K, 0% used [0x00000000eab00000,0x00000000eab00000,0x00000000eeb80000)
  from space 13312K, 58% used [0x00000000f0900000,0x00000000f109ee88,0x00000000f1600000)
  to   space 20480K, 0% used [0x00000000eee00000,0x00000000eee00000,0x00000000f0200000)
 ParOldGen       total 246272K, used 246058K [0x00000000c0000000, 0x00000000cf080000, 0x00000000eab00000)
  object space 246272K, 99% used [0x00000000c0000000,0x00000000cf04aa90,0x00000000cf080000)
 Metaspace       used 56854K, committed 57664K, reserved 1105920K
  class space    used 6139K, committed 6464K, reserved 1048576K
GC Heap History (20 events):
Event: 18.660 GC heap after
{Heap after GC invocations=46 (full 6):
 PSYoungGen      total 48640K, used 0K [0x00000000eab00000, 0x00000000ee500000, 0x0000000100000000)
  eden space 38400K, 0% used [0x00000000eab00000,0x00000000eab00000,0x00000000ed080000)
  from space 10240K, 0% used [0x00000000ed080000,0x00000000ed080000,0x00000000eda80000)
  to   space 10240K, 0% used [0x00000000edb00000,0x00000000edb00000,0x00000000ee500000)
 ParOldGen       total 245248K, used 159852K [0x00000000c0000000, 0x00000000cef80000, 0x00000000eab00000)
  object space 245248K, 65% used [0x00000000c0000000,0x00000000c9c1b320,0x00000000cef80000)
 Metaspace       used 56850K, committed 57664K, reserved 1105920K
  class space    used 6139K, committed 6464K, reserved 1048576K
}
Event: 18.825 GC heap before
{Heap before GC invocations=47 (full 6):
 PSYoungGen      total 48640K, used 38400K [0x00000000eab00000, 0x00000000ee500000, 0x0000000100000000)
  eden space 38400K, 100% used [0x00000000eab00000,0x00000000ed080000,0x00000000ed080000)
  from space 10240K, 0% used [0x00000000ed080000,0x00000000ed080000,0x00000000eda80000)
  to   space 10240K, 0% used [0x00000000edb00000,0x00000000edb00000,0x00000000ee500000)
 ParOldGen       total 245248K, used 159852K [0x00000000c0000000, 0x00000000cef80000, 0x00000000eab00000)
  object space 245248K, 65% used [0x00000000c0000000,0x00000000c9c1b320,0x00000000cef80000)
 Metaspace       used 56850K, committed 57664K, reserved 1105920K
  class space    used 6139K, committed 6464K, reserved 1048576K
}
Event: 18.835 GC heap after
{Heap after GC invocations=47 (full 6):
 PSYoungGen      total 49152K, used 9410K [0x00000000eab00000, 0x00000000ee780000, 0x0000000100000000)
  eden space 38912K, 0% used [0x00000000eab00000,0x00000000eab00000,0x00000000ed100000)
  from space 10240K, 91% used [0x00000000edb00000,0x00000000ee430858,0x00000000ee500000)
  to   space 10240K, 0% used [0x00000000ed100000,0x00000000ed100000,0x00000000edb00000)
 ParOldGen       total 245248K, used 159852K [0x00000000c0000000, 0x00000000cef80000, 0x00000000eab00000)
  object space 245248K, 65% used [0x00000000c0000000,0x00000000c9c1b320,0x00000000cef80000)
 Metaspace       used 56850K, committed 57664K, reserved 1105920K
  class space    used 6139K, committed 6464K, reserved 1048576K
}
Event: 19.047 GC heap before
{Heap before GC invocations=48 (full 6):
 PSYoungGen      total 49152K, used 48322K [0x00000000eab00000, 0x00000000ee780000, 0x0000000100000000)
  eden space 38912K, 100% used [0x00000000eab00000,0x00000000ed100000,0x00000000ed100000)
  from space 10240K, 91% used [0x00000000edb00000,0x00000000ee430858,0x00000000ee500000)
  to   space 10240K, 0% used [0x00000000ed100000,0x00000000ed100000,0x00000000edb00000)
 ParOldGen       total 245248K, used 159852K [0x00000000c0000000, 0x00000000cef80000, 0x00000000eab00000)
  object space 245248K, 65% used [0x00000000c0000000,0x00000000c9c1b320,0x00000000cef80000)
 Metaspace       used 56850K, committed 57664K, reserved 1105920K
  class space    used 6139K, committed 6464K, reserved 1048576K
}
Event: 19.073 GC heap after
{Heap after GC invocations=48 (full 6):
 PSYoungGen      total 49152K, used 10231K [0x00000000eab00000, 0x00000000efc00000, 0x0000000100000000)
  eden space 38912K, 0% used [0x00000000eab00000,0x00000000eab00000,0x00000000ed100000)
  from space 10240K, 99% used [0x00000000ed100000,0x00000000edafdeb8,0x00000000edb00000)
  to   space 20480K, 0% used [0x00000000ee800000,0x00000000ee800000,0x00000000efc00000)
 ParOldGen       total 245248K, used 168196K [0x00000000c0000000, 0x00000000cef80000, 0x00000000eab00000)
  object space 245248K, 68% used [0x00000000c0000000,0x00000000ca441300,0x00000000cef80000)
 Metaspace       used 56850K, committed 57664K, reserved 1105920K
  class space    used 6139K, committed 6464K, reserved 1048576K
}
Event: 19.294 GC heap before
{Heap before GC invocations=49 (full 6):
 PSYoungGen      total 49152K, used 49143K [0x00000000eab00000, 0x00000000efc00000, 0x0000000100000000)
  eden space 38912K, 100% used [0x00000000eab00000,0x00000000ed100000,0x00000000ed100000)
  from space 10240K, 99% used [0x00000000ed100000,0x00000000edafdeb8,0x00000000edb00000)
  to   space 20480K, 0% used [0x00000000ee800000,0x00000000ee800000,0x00000000efc00000)
 ParOldGen       total 245248K, used 168196K [0x00000000c0000000, 0x00000000cef80000, 0x00000000eab00000)
  object space 245248K, 68% used [0x00000000c0000000,0x00000000ca441300,0x00000000cef80000)
 Metaspace       used 56850K, committed 57664K, reserved 1105920K
  class space    used 6139K, committed 6464K, reserved 1048576K
}
Event: 19.329 GC heap after
{Heap after GC invocations=49 (full 6):
 PSYoungGen      total 56832K, used 14206K [0x00000000eab00000, 0x00000000ef600000, 0x0000000100000000)
  eden space 42496K, 0% used [0x00000000eab00000,0x00000000eab00000,0x00000000ed480000)
  from space 14336K, 99% used [0x00000000ee800000,0x00000000ef5dfa08,0x00000000ef600000)
  to   space 15872K, 0% used [0x00000000ed700000,0x00000000ed700000,0x00000000ee680000)
 ParOldGen       total 245248K, used 173232K [0x00000000c0000000, 0x00000000cef80000, 0x00000000eab00000)
  object space 245248K, 70% used [0x00000000c0000000,0x00000000ca92c100,0x00000000cef80000)
 Metaspace       used 56850K, committed 57664K, reserved 1105920K
  class space    used 6139K, committed 6464K, reserved 1048576K
}
Event: 19.626 GC heap before
{Heap before GC invocations=50 (full 6):
 PSYoungGen      total 56832K, used 56702K [0x00000000eab00000, 0x00000000ef600000, 0x0000000100000000)
  eden space 42496K, 100% used [0x00000000eab00000,0x00000000ed480000,0x00000000ed480000)
  from space 14336K, 99% used [0x00000000ee800000,0x00000000ef5dfa08,0x00000000ef600000)
  to   space 15872K, 0% used [0x00000000ed700000,0x00000000ed700000,0x00000000ee680000)
 ParOldGen       total 245248K, used 173232K [0x00000000c0000000, 0x00000000cef80000, 0x00000000eab00000)
  object space 245248K, 70% used [0x00000000c0000000,0x00000000ca92c100,0x00000000cef80000)
 Metaspace       used 56852K, committed 57664K, reserved 1105920K
  class space    used 6139K, committed 6464K, reserved 1048576K
}
Event: 19.651 GC heap after
{Heap after GC invocations=50 (full 6):
 PSYoungGen      total 60928K, used 15841K [0x00000000eab00000, 0x00000000f0c00000, 0x0000000100000000)
  eden space 45056K, 0% used [0x00000000eab00000,0x00000000eab00000,0x00000000ed700000)
  from space 15872K, 99% used [0x00000000ed700000,0x00000000ee6787f0,0x00000000ee680000)
  to   space 26624K, 0% used [0x00000000ef200000,0x00000000ef200000,0x00000000f0c00000)
 ParOldGen       total 245248K, used 182107K [0x00000000c0000000, 0x00000000cef80000, 0x00000000eab00000)
  object space 245248K, 74% used [0x00000000c0000000,0x00000000cb1d6ff8,0x00000000cef80000)
 Metaspace       used 56852K, committed 57664K, reserved 1105920K
  class space    used 6139K, committed 6464K, reserved 1048576K
}
Event: 20.058 GC heap before
{Heap before GC invocations=51 (full 6):
 PSYoungGen      total 60928K, used 60897K [0x00000000eab00000, 0x00000000f0c00000, 0x0000000100000000)
  eden space 45056K, 100% used [0x00000000eab00000,0x00000000ed700000,0x00000000ed700000)
  from space 15872K, 99% used [0x00000000ed700000,0x00000000ee6787f0,0x00000000ee680000)
  to   space 26624K, 0% used [0x00000000ef200000,0x00000000ef200000,0x00000000f0c00000)
 ParOldGen       total 245248K, used 182107K [0x00000000c0000000, 0x00000000cef80000, 0x00000000eab00000)
  object space 245248K, 74% used [0x00000000c0000000,0x00000000cb1d6ff8,0x00000000cef80000)
 Metaspace       used 56853K, committed 57664K, reserved 1105920K
  class space    used 6139K, committed 6464K, reserved 1048576K
}
Event: 20.109 GC heap after
{Heap after GC invocations=51 (full 6):
 PSYoungGen      total 68096K, used 19437K [0x00000000eab00000, 0x00000000f0500000, 0x0000000100000000)
  eden space 48640K, 0% used [0x00000000eab00000,0x00000000eab00000,0x00000000eda80000)
  from space 19456K, 99% used [0x00000000ef200000,0x00000000f04fb5b8,0x00000000f0500000)
  to   space 21504K, 0% used [0x00000000edb00000,0x00000000edb00000,0x00000000ef000000)
 ParOldGen       total 245248K, used 191816K [0x00000000c0000000, 0x00000000cef80000, 0x00000000eab00000)
  object space 245248K, 78% used [0x00000000c0000000,0x00000000cbb52328,0x00000000cef80000)
 Metaspace       used 56853K, committed 57664K, reserved 1105920K
  class space    used 6139K, committed 6464K, reserved 1048576K
}
Event: 20.551 GC heap before
{Heap before GC invocations=52 (full 6):
 PSYoungGen      total 68096K, used 68077K [0x00000000eab00000, 0x00000000f0500000, 0x0000000100000000)
  eden space 48640K, 100% used [0x00000000eab00000,0x00000000eda80000,0x00000000eda80000)
  from space 19456K, 99% used [0x00000000ef200000,0x00000000f04fb5b8,0x00000000f0500000)
  to   space 21504K, 0% used [0x00000000edb00000,0x00000000edb00000,0x00000000ef000000)
 ParOldGen       total 245248K, used 191816K [0x00000000c0000000, 0x00000000cef80000, 0x00000000eab00000)
  object space 245248K, 78% used [0x00000000c0000000,0x00000000cbb52328,0x00000000cef80000)
 Metaspace       used 56853K, committed 57664K, reserved 1105920K
  class space    used 6139K, committed 6464K, reserved 1048576K
}
Event: 20.621 GC heap after
{Heap after GC invocations=52 (full 6):
 PSYoungGen      total 70656K, used 21493K [0x00000000eab00000, 0x00000000f1c80000, 0x0000000100000000)
  eden space 49152K, 0% used [0x00000000eab00000,0x00000000eab00000,0x00000000edb00000)
  from space 21504K, 99% used [0x00000000edb00000,0x00000000eeffd550,0x00000000ef000000)
  to   space 31744K, 0% used [0x00000000efd80000,0x00000000efd80000,0x00000000f1c80000)
 ParOldGen       total 245248K, used 200197K [0x00000000c0000000, 0x00000000cef80000, 0x00000000eab00000)
  object space 245248K, 81% used [0x00000000c0000000,0x00000000cc381598,0x00000000cef80000)
 Metaspace       used 56853K, committed 57664K, reserved 1105920K
  class space    used 6139K, committed 6464K, reserved 1048576K
}
Event: 20.883 GC heap before
{Heap before GC invocations=53 (full 6):
 PSYoungGen      total 70656K, used 70645K [0x00000000eab00000, 0x00000000f1c80000, 0x0000000100000000)
  eden space 49152K, 100% used [0x00000000eab00000,0x00000000edb00000,0x00000000edb00000)
  from space 21504K, 99% used [0x00000000edb00000,0x00000000eeffd550,0x00000000ef000000)
  to   space 31744K, 0% used [0x00000000efd80000,0x00000000efd80000,0x00000000f1c80000)
 ParOldGen       total 245248K, used 200197K [0x00000000c0000000, 0x00000000cef80000, 0x00000000eab00000)
  object space 245248K, 81% used [0x00000000c0000000,0x00000000cc381598,0x00000000cef80000)
 Metaspace       used 56854K, committed 57664K, reserved 1105920K
  class space    used 6139K, committed 6464K, reserved 1048576K
}
Event: 21.203 GC heap after
{Heap after GC invocations=53 (full 6):
 PSYoungGen      total 74752K, used 19112K [0x00000000eab00000, 0x00000000f1080000, 0x0000000100000000)
  eden space 55296K, 0% used [0x00000000eab00000,0x00000000eab00000,0x00000000ee100000)
  from space 19456K, 98% used [0x00000000efd80000,0x00000000f102a200,0x00000000f1080000)
  to   space 23040K, 0% used [0x00000000ee380000,0x00000000ee380000,0x00000000efa00000)
 ParOldGen       total 245248K, used 213833K [0x00000000c0000000, 0x00000000cef80000, 0x00000000eab00000)
  object space 245248K, 87% used [0x00000000c0000000,0x00000000cd0d24f0,0x00000000cef80000)
 Metaspace       used 56854K, committed 57664K, reserved 1105920K
  class space    used 6139K, committed 6464K, reserved 1048576K
}
Event: 22.235 GC heap before
{Heap before GC invocations=54 (full 6):
 PSYoungGen      total 74752K, used 74408K [0x00000000eab00000, 0x00000000f1080000, 0x0000000100000000)
  eden space 55296K, 100% used [0x00000000eab00000,0x00000000ee100000,0x00000000ee100000)
  from space 19456K, 98% used [0x00000000efd80000,0x00000000f102a200,0x00000000f1080000)
  to   space 23040K, 0% used [0x00000000ee380000,0x00000000ee380000,0x00000000efa00000)
 ParOldGen       total 245248K, used 213833K [0x00000000c0000000, 0x00000000cef80000, 0x00000000eab00000)
  object space 245248K, 87% used [0x00000000c0000000,0x00000000cd0d24f0,0x00000000cef80000)
 Metaspace       used 56854K, committed 57664K, reserved 1105920K
  class space    used 6139K, committed 6464K, reserved 1048576K
}
Event: 22.449 GC heap after
{Heap after GC invocations=54 (full 6):
 PSYoungGen      total 80896K, used 23037K [0x00000000eab00000, 0x00000000f2b00000, 0x0000000100000000)
  eden space 57856K, 0% used [0x00000000eab00000,0x00000000eab00000,0x00000000ee380000)
  from space 23040K, 99% used [0x00000000ee380000,0x00000000ef9ff430,0x00000000efa00000)
  to   space 34816K, 0% used [0x00000000f0900000,0x00000000f0900000,0x00000000f2b00000)
 ParOldGen       total 245248K, used 222927K [0x00000000c0000000, 0x00000000cef80000, 0x00000000eab00000)
  object space 245248K, 90% used [0x00000000c0000000,0x00000000cd9b3ff0,0x00000000cef80000)
 Metaspace       used 56854K, committed 57664K, reserved 1105920K
  class space    used 6139K, committed 6464K, reserved 1048576K
}
Event: 23.838 GC heap before
{Heap before GC invocations=55 (full 6):
 PSYoungGen      total 80896K, used 80893K [0x00000000eab00000, 0x00000000f2b00000, 0x0000000100000000)
  eden space 57856K, 100% used [0x00000000eab00000,0x00000000ee380000,0x00000000ee380000)
  from space 23040K, 99% used [0x00000000ee380000,0x00000000ef9ff430,0x00000000efa00000)
  to   space 34816K, 0% used [0x00000000f0900000,0x00000000f0900000,0x00000000f2b00000)
 ParOldGen       total 245248K, used 222927K [0x00000000c0000000, 0x00000000cef80000, 0x00000000eab00000)
  object space 245248K, 90% used [0x00000000c0000000,0x00000000cd9b3ff0,0x00000000cef80000)
 Metaspace       used 56854K, committed 57664K, reserved 1105920K
  class space    used 6139K, committed 6464K, reserved 1048576K
}
Event: 34.127 GC heap after
{Heap after GC invocations=55 (full 6):
 PSYoungGen      total 79360K, used 13109K [0x00000000eab00000, 0x00000000f1600000, 0x0000000100000000)
  eden space 66048K, 0% used [0x00000000eab00000,0x00000000eab00000,0x00000000eeb80000)
  from space 13312K, 98% used [0x00000000f0900000,0x00000000f15cd558,0x00000000f1600000)
  to   space 20480K, 0% used [0x00000000eee00000,0x00000000eee00000,0x00000000f0200000)
 ParOldGen       total 246272K, used 245909K [0x00000000c0000000, 0x00000000cf080000, 0x00000000eab00000)
  object space 246272K, 99% used [0x00000000c0000000,0x00000000cf0256a8,0x00000000cf080000)
 Metaspace       used 56854K, committed 57664K, reserved 1105920K
  class space    used 6139K, committed 6464K, reserved 1048576K
}
Event: 34.689 GC heap before
{Heap before GC invocations=56 (full 7):
 PSYoungGen      total 79360K, used 13109K [0x00000000eab00000, 0x00000000f1600000, 0x0000000100000000)
  eden space 66048K, 0% used [0x00000000eab00000,0x00000000eab00000,0x00000000eeb80000)
  from space 13312K, 98% used [0x00000000f0900000,0x00000000f15cd558,0x00000000f1600000)
  to   space 20480K, 0% used [0x00000000eee00000,0x00000000eee00000,0x00000000f0200000)
 ParOldGen       total 246272K, used 245909K [0x00000000c0000000, 0x00000000cf080000, 0x00000000eab00000)
  object space 246272K, 99% used [0x00000000c0000000,0x00000000cf0256a8,0x00000000cf080000)
 Metaspace       used 56854K, committed 57664K, reserved 1105920K
  class space    used 6139K, committed 6464K, reserved 1048576K
}

